<?xml version="1.0" encoding="UTF-8"?>
<testng-results ignored="0" total="3" passed="3" failed="0" skipped="0">
  <reporter-output>
  </reporter-output>
  <suite started-at="2022-04-01T18:28:12 IST" name="Opencartsuite" finished-at="2022-04-01T18:28:34 IST" duration-ms="21546">
    <groups>
    </groups>
    <test started-at="2022-04-01T18:28:12 IST" name="Opencarttestchrome" finished-at="2022-04-01T18:28:19 IST" duration-ms="6659">
      <class name="testcases.TC001_AccountRegistration">
        <test-method is-config="true" signature="setup(java.lang.String)[pri:0, instance:testcases.TC001_AccountRegistration@60bd273d]" started-at="2022-04-01T18:28:12 IST" name="setup" finished-at="2022-04-01T18:28:17 IST" duration-ms="4513" status="PASS">
          <params>
            <param index="0">
              <value>
                <![CDATA[chrome]]>
              </value>
            </param>
          </params>
          <reporter-output>
          </reporter-output>
        </test-method> <!-- setup -->
        <test-method signature="TC001_Registration()[pri:1, instance:testcases.TC001_AccountRegistration@60bd273d]" started-at="2022-04-01T18:28:17 IST" name="TC001_Registration" finished-at="2022-04-01T18:28:19 IST" duration-ms="2113" status="PASS">
          <reporter-output>
          </reporter-output>
        </test-method> <!-- TC001_Registration -->
      </class> <!-- testcases.TC001_AccountRegistration -->
    </test> <!-- Opencarttestchrome -->
    <test started-at="2022-04-01T18:28:19 IST" name="Opencarttestedge" finished-at="2022-04-01T18:28:25 IST" duration-ms="6238">
      <class name="testcases.TC001_AccountRegistration">
        <test-method is-config="true" signature="setup(java.lang.String)[pri:0, instance:testcases.TC001_AccountRegistration@2a265ea9]" started-at="2022-04-01T18:28:19 IST" name="setup" finished-at="2022-04-01T18:28:23 IST" duration-ms="4399" status="PASS">
          <params>
            <param index="0">
              <value>
                <![CDATA[edge]]>
              </value>
            </param>
          </params>
          <reporter-output>
          </reporter-output>
        </test-method> <!-- setup -->
        <test-method signature="TC001_Registration()[pri:1, instance:testcases.TC001_AccountRegistration@2a265ea9]" started-at="2022-04-01T18:28:23 IST" name="TC001_Registration" finished-at="2022-04-01T18:28:25 IST" duration-ms="1837" status="PASS">
          <reporter-output>
          </reporter-output>
        </test-method> <!-- TC001_Registration -->
      </class> <!-- testcases.TC001_AccountRegistration -->
    </test> <!-- Opencarttestedge -->
    <test started-at="2022-04-01T18:28:25 IST" name="Opencarttestfirefox" finished-at="2022-04-01T18:28:34 IST" duration-ms="8632">
      <class name="testcases.TC001_AccountRegistration">
        <test-method is-config="true" signature="setup(java.lang.String)[pri:0, instance:testcases.TC001_AccountRegistration@2e8c1c9b]" started-at="2022-04-01T18:28:25 IST" name="setup" finished-at="2022-04-01T18:28:32 IST" duration-ms="6514" status="PASS">
          <params>
            <param index="0">
              <value>
                <![CDATA[firefox]]>
              </value>
            </param>
          </params>
          <reporter-output>
          </reporter-output>
        </test-method> <!-- setup -->
        <test-method signature="TC001_Registration()[pri:1, instance:testcases.TC001_AccountRegistration@2e8c1c9b]" started-at="2022-04-01T18:28:32 IST" name="TC001_Registration" finished-at="2022-04-01T18:28:34 IST" duration-ms="2113" status="PASS">
          <reporter-output>
          </reporter-output>
        </test-method> <!-- TC001_Registration -->
      </class> <!-- testcases.TC001_AccountRegistration -->
    </test> <!-- Opencarttestfirefox -->
  </suite> <!-- Opencartsuite -->
</testng-results>
